<?xml version="1.0" encoding="UTF-8"?>
<!-- Generated by org.testng.reporters.JUnitReportReporter -->
<testsuite hostname="BLR1-LHP-N71035" failures="0" tests="1" name="assignmentpack1.P1" time="10.663" errors="0" timestamp="21 Jul 2022 05:03:45 GMT">
  <testcase classname="assignmentpack1.P1" name="start" time="10.663"/>
</testsuite> <!-- assignmentpack1.P1 -->
